<?xml version="1.0" encoding="utf-8"?>
<!DOCTYPE coverage SYSTEM "http://cobertura.sourceforge.net/xml/coverage-04.dtd">
<coverage line-rate="0.4626897133220911" branch-rate="0.24336973478939158" lines-covered="2195" lines-valid="4744" branches-covered="312" branches-valid="1282" complexity="1744" version="0" timestamp="1773258067">
  <sources>
    <source>/home/runner/</source>
    <source>/home/runner/work/EBCEYS.Infrastructure/EBCEYS.Infrastructure/Ebceys.Infrastructure/</source>
  </sources>
  <packages>
    <package name="Ebceys.Infrastructure" line-rate="0.5314031180400891" branch-rate="0.3795180722891566" complexity="715">
      <classes>
        <class name="Ebceys.Infrastructure.ConfiguredApp" filename="/home/runner/work/EBCEYS.Infrastructure/EBCEYS.Infrastructure/Ebceys.Infrastructure/ConfiguredApp.cs" line-rate="0" branch-rate="0" complexity="10">
          <methods>
            <method name="get_ServiceProvider" signature="()" line-rate="0" branch-rate="0" complexity="4">
              <lines>
                <line number="26" hits="0" branch="true" condition-coverage="0% (0/4)" />
                <line number="27" hits="0" branch="false" />
              </lines>
            </method>
            <method name="Dispose" signature="()" line-rate="0" branch-rate="1" complexity="1">
              <lines>
                <line number="41" hits="0" branch="false" />
                <line number="42" hits="0" branch="false" />
                <line number="43" hits="0" branch="false" />
              </lines>
            </method>
            <method name=".ctor" signature="(Microsoft.Extensions.Hosting.IHostBuilder)" line-rate="0" branch-rate="1" complexity="1">
              <lines>
                <line number="16" hits="0" branch="false" />
              </lines>
            </method>
            <method name="BuildAndRunAsync" signature="()" line-rate="0" branch-rate="0" complexity="2">
              <lines>
                <line number="53" hits="0" branch="false" />
                <line number="54" hits="0" branch="true" condition-coverage="0% (0/2)" />
                <line number="55" hits="0" branch="false" />
                <line number="56" hits="0" branch="false" />
                <line number="57" hits="0" branch="false" />
                <line number="59" hits="0" branch="false" />
                <line number="61" hits="0" branch="false" />
                <line number="63" hits="0" branch="false" />
                <line number="64" hits="0" branch="false" />
              </lines>
            </method>
            <method name="DisposeAsync" signature="()" line-rate="0" branch-rate="0" complexity="2">
              <lines>
                <line number="31" hits="0" branch="false" />
                <line number="32" hits="0" branch="true" condition-coverage="0% (0/2)" />
                <line number="33" hits="0" branch="false" />
                <line number="34" hits="0" branch="false" />
                <line number="35" hits="0" branch="false" />
                <line number="36" hits="0" branch="false" />
                <line number="37" hits="0" branch="false" />
              </lines>
            </method>
          </methods>
          <lines>
            <line number="16" hits="0" branch="false" />
            <line number="26" hits="0" branch="true" condition-coverage="0% (0/4)" />
            <line number="27" hits="0" branch="false" />
            <line number="31" hits="0" branch="false" />
            <line number="32" hits="0" branch="true" condition-coverage="0% (0/2)" />
            <line number="33" hits="0" branch="false" />
            <line number="34" hits="0" branch="false" />
            <line number="35" hits="0" branch="false" />
            <line number="36" hits="0" branch="false" />
            <line number="37" hits="0" branch="false" />
            <line number="41" hits="0" branch="false" />
            <line number="42" hits="0" branch="false" />
            <line number="43" hits="0" branch="false" />
            <line number="53" hits="0" branch="false" />
            <line number="54" hits="0" branch="true" condition-coverage="0% (0/2)" />
            <line number="55" hits="0" branch="false" />
            <line number="56" hits="0" branch="false" />
            <line number="57" hits="0" branch="false" />
            <line number="59" hits="0" branch="false" />
            <line number="61" hits="0" branch="false" />
            <line number="63" hits="0" branch="false" />
            <line number="64" hits="0" branch="false" />
          </lines>
        </class>
        <class name="Ebceys.Infrastructure.ControllerFilters.ApiExceptionFilter" filename="/home/runner/work/EBCEYS.Infrastructure/EBCEYS.Infrastructure/Ebceys.Infrastructure/ControllerFilters/ApiExceptionFilter.cs" line-rate="1" branch-rate="1" complexity="4">
          <methods>
            <method name="OnException" signature="(Microsoft.AspNetCore.Mvc.Filters.ExceptionContext)" line-rate="1" branch-rate="1" complexity="2">
              <lines>
                <line number="20" hits="16" branch="false" />
                <line number="21" hits="16" branch="false" />
                <line number="22" hits="16" branch="true" condition-coverage="100% (2/2)" />
                <line number="23" hits="12" branch="false" />
                <line number="24" hits="12" branch="false" />
                <line number="25" hits="12" branch="false" />
                <line number="28" hits="4" branch="false" />
                <line number="29" hits="4" branch="false" />
                <line number="30" hits="4" branch="false" />
                <line number="31" hits="4" branch="false" />
                <line number="32" hits="4" branch="false" />
                <line number="33" hits="4" branch="false" />
                <line number="34" hits="4" branch="false" />
                <line number="35" hits="4" branch="false" />
                <line number="36" hits="16" branch="false" />
              </lines>
            </method>
            <method name="FormatDetail" signature="(Microsoft.AspNetCore.Http.HttpRequest)" line-rate="1" branch-rate="1" complexity="1">
              <lines>
                <line number="39" hits="4" branch="false" />
                <line number="40" hits="4" branch="false" />
                <line number="41" hits="4" branch="false" />
              </lines>
            </method>
            <method name=".ctor" signature="(Microsoft.Extensions.Logging.ILogger`1&lt;Ebceys.Infrastructure.ControllerFilters.ApiExceptionFilter&gt;)" line-rate="1" branch-rate="1" complexity="1">
              <lines>
                <line number="16" hits="188" branch="false" />
              </lines>
            </method>
          </methods>
          <lines>
            <line number="16" hits="188" branch="false" />
            <line number="20" hits="16" branch="false" />
            <line number="21" hits="16" branch="false" />
            <line number="22" hits="16" branch="true" condition-coverage="100% (2/2)" />
            <line number="23" hits="12" branch="false" />
            <line number="24" hits="12" branch="false" />
            <line number="25" hits="12" branch="false" />
            <line number="28" hits="4" branch="false" />
            <line number="29" hits="4" branch="false" />
            <line number="30" hits="4" branch="false" />
            <line number="31" hits="4" branch="false" />
            <line number="32" hits="4" branch="false" />
            <line number="33" hits="4" branch="false" />
            <line number="34" hits="4" branch="false" />
            <line number="35" hits="4" branch="false" />
            <line number="36" hits="16" branch="false" />
            <line number="39" hits="4" branch="false" />
            <line number="40" hits="4" branch="false" />
            <line number="41" hits="4" branch="false" />
          </lines>
        </class>
        <class name="Ebceys.Infrastructure.Controllers.ServiceController" filename="/home/runner/work/EBCEYS.Infrastructure/EBCEYS.Infrastructure/Ebceys.Infrastructure/Controllers/ServiceController.cs" line-rate="0.6785714285714286" branch-rate="0.5" complexity="9">
          <methods>
            <method name="Ping" signature="()" line-rate="1" branch-rate="1" complexity="1">
              <lines>
                <line number="31" hits="16" branch="false" />
                <line number="32" hits="16" branch="false" />
                <line number="33" hits="16" branch="false" />
              </lines>
            </method>
            <method name="Unhealthy" signature="(Microsoft.Extensions.Diagnostics.HealthChecks.HealthReport)" line-rate="0" branch-rate="1" complexity="1">
              <lines>
                <line number="82" hits="0" branch="false" />
                <line number="83" hits="0" branch="false" />
                <line number="84" hits="0" branch="false" />
                <line number="85" hits="0" branch="false" />
                <line number="86" hits="0" branch="false" />
                <line number="87" hits="0" branch="false" />
                <line number="88" hits="0" branch="false" />
                <line number="89" hits="0" branch="false" />
                <line number="90" hits="0" branch="false" />
              </lines>
            </method>
            <method name=".ctor" signature="(Microsoft.Extensions.Diagnostics.HealthChecks.HealthCheckService)" line-rate="1" branch-rate="1" complexity="1">
              <lines>
                <line number="21" hits="48" branch="false" />
              </lines>
            </method>
            <method name="GetMetricsAsync" signature="()" line-rate="1" branch-rate="1" complexity="1">
              <lines>
                <line number="74" hits="10" branch="false" />
                <line number="75" hits="10" branch="false" />
                <line number="77" hits="10" branch="false" />
                <line number="78" hits="10" branch="false" />
              </lines>
            </method>
            <method name="HealthCheckAsync" signature="()" line-rate="1" branch-rate="0.5" complexity="4">
              <lines>
                <line number="45" hits="4" branch="false" />
                <line number="46" hits="4" branch="false" />
                <line number="47" hits="4" branch="true" condition-coverage="50% (2/4)" />
                <line number="48" hits="16" branch="false" />
                <line number="49" hits="4" branch="false" />
                <line number="50" hits="4" branch="false" />
                <line number="51" hits="4" branch="false" />
              </lines>
            </method>
            <method name="HealthCheckStatusAsync" signature="()" line-rate="1" branch-rate="1" complexity="1">
              <lines>
                <line number="61" hits="18" branch="false" />
                <line number="62" hits="18" branch="false" />
                <line number="64" hits="18" branch="false" />
                <line number="65" hits="18" branch="false" />
              </lines>
            </method>
          </methods>
          <lines>
            <line number="21" hits="48" branch="false" />
            <line number="31" hits="16" branch="false" />
            <line number="32" hits="16" branch="false" />
            <line number="33" hits="16" branch="false" />
            <line number="45" hits="4" branch="false" />
            <line number="46" hits="4" branch="false" />
            <line number="47" hits="4" branch="true" condition-coverage="50% (2/4)" />
            <line number="48" hits="16" branch="false" />
            <line number="49" hits="4" branch="false" />
            <line number="50" hits="4" branch="false" />
            <line number="51" hits="4" branch="false" />
            <line number="61" hits="18" branch="false" />
            <line number="62" hits="18" branch="false" />
            <line number="64" hits="18" branch="false" />
            <line number="65" hits="18" branch="false" />
            <line number="74" hits="10" branch="false" />
            <line number="75" hits="10" branch="false" />
            <line number="77" hits="10" branch="false" />
            <line number="78" hits="10" branch="false" />
            <line number="82" hits="0" branch="false" />
            <line number="83" hits="0" branch="false" />
            <line number="84" hits="0" branch="false" />
            <line number="85" hits="0" branch="false" />
            <line number="86" hits="0" branch="false" />
            <line number="87" hits="0" branch="false" />
            <line number="88" hits="0" branch="false" />
            <line number="89" hits="0" branch="false" />
            <line number="90" hits="0" branch="false" />
          </lines>
        </class>
        <class name="Ebceys.Infrastructure.DatabaseRegistration.Conversions.DateTimeOffsetConverter" filename="/home/runner/work/EBCEYS.Infrastructure/EBCEYS.Infrastructure/Ebceys.Infrastructure/DatabaseRegistration/Conversions/DateTimeOffsetConverter.cs" line-rate="1" branch-rate="1" complexity="1">
          <methods>
            <method name=".ctor" signature="()" line-rate="1" branch-rate="1" complexity="1">
              <lines>
                <line number="12" hits="2" branch="false" />
              </lines>
            </method>
          </methods>
          <lines>
            <line number="12" hits="2" branch="false" />
          </lines>
        </class>
        <class name="Ebceys.Infrastructure.DatabaseRegistration.DbContextRegistrationExtensions" filename="/home/runner/work/EBCEYS.Infrastructure/EBCEYS.Infrastructure/Ebceys.Infrastructure/DatabaseRegistration/DbContextRegistrationExtensions.cs" line-rate="0.76" branch-rate="1" complexity="2">
          <methods>
            <method name="RegisterDbContext" signature="(Microsoft.Extensions.DependencyInjection.IServiceCollection,System.Action`1&lt;Ebceys.Infrastructure.DatabaseRegistration.DbContextRegistrationOptions&gt;)" line-rate="0.76" branch-rate="1" complexity="1">
              <lines>
                <line number="27" hits="2" branch="false" />
                <line number="28" hits="2" branch="false" />
                <line number="29" hits="2" branch="false" />
                <line number="31" hits="2" branch="false" />
                <line number="32" hits="2" branch="false" />
                <line number="34" hits="2" branch="false" />
                <line number="36" hits="2" branch="false" />
                <line number="37" hits="2" branch="false" />
                <line number="38" hits="2" branch="false" />
                <line number="39" hits="2" branch="false" />
                <line number="42" hits="2" branch="false" />
                <line number="43" hits="2" branch="false" />
                <line number="44" hits="2" branch="false" />
                <line number="45" hits="2" branch="false" />
                <line number="46" hits="0" branch="false" />
                <line number="47" hits="0" branch="false" />
                <line number="48" hits="0" branch="false" />
                <line number="49" hits="2" branch="false" />
                <line number="50" hits="2" branch="false" />
                <line number="51" hits="0" branch="false" />
                <line number="52" hits="0" branch="false" />
                <line number="53" hits="0" branch="false" />
                <line number="54" hits="4" branch="false" />
                <line number="55" hits="2" branch="false" />
                <line number="56" hits="2" branch="false" />
              </lines>
            </method>
            <method name="OptionsAction" signature="()" line-rate="0.5714285714285714" branch-rate="1" complexity="1">
              <lines>
                <line number="42" hits="2" branch="false" />
                <line number="43" hits="2" branch="false" />
                <line number="44" hits="2" branch="false" />
                <line number="45" hits="2" branch="false" />
                <line number="46" hits="0" branch="false" />
                <line number="47" hits="0" branch="false" />
                <line number="48" hits="0" branch="false" />
                <line number="49" hits="2" branch="false" />
                <line number="50" hits="2" branch="false" />
                <line number="51" hits="0" branch="false" />
                <line number="52" hits="0" branch="false" />
                <line number="53" hits="0" branch="false" />
                <line number="54" hits="4" branch="false" />
                <line number="55" hits="2" branch="false" />
              </lines>
            </method>
          </methods>
          <lines>
            <line number="27" hits="2" branch="false" />
            <line number="28" hits="2" branch="false" />
            <line number="29" hits="2" branch="false" />
            <line number="31" hits="2" branch="false" />
            <line number="32" hits="2" branch="false" />
            <line number="34" hits="2" branch="false" />
            <line number="36" hits="2" branch="false" />
            <line number="37" hits="2" branch="false" />
            <line number="38" hits="2" branch="false" />
            <line number="39" hits="2" branch="false" />
            <line number="42" hits="2" branch="false" />
            <line number="43" hits="2" branch="false" />
            <line number="44" hits="2" branch="false" />
            <line number="45" hits="2" branch="false" />
            <line number="46" hits="0" branch="false" />
            <line number="47" hits="0" branch="false" />
            <line number="48" hits="0" branch="false" />
            <line number="49" hits="2" branch="false" />
            <line number="50" hits="2" branch="false" />
            <line number="51" hits="0" branch="false" />
            <line number="52" hits="0" branch="false" />
            <line number="53" hits="0" branch="false" />
            <line number="54" hits="4" branch="false" />
            <line number="55" hits="2" branch="false" />
            <line number="56" hits="2" branch="false" />
          </lines>
        </class>
        <class name="Ebceys.Infrastructure.DatabaseRegistration.DbContextRegistrationOptions" filename="/home/runner/work/EBCEYS.Infrastructure/EBCEYS.Infrastructure/Ebceys.Infrastructure/DatabaseRegistration/DbContextRegistrationExtensions.cs" line-rate="1" branch-rate="1" complexity="4">
          <methods>
            <method name="get_MigrateDb" signature="()" line-rate="1" branch-rate="1" complexity="1">
              <lines>
                <line number="69" hits="12" branch="false" />
              </lines>
            </method>
            <method name="get_Timeout" signature="()" line-rate="1" branch-rate="1" complexity="1">
              <lines>
                <line number="74" hits="36" branch="false" />
              </lines>
            </method>
            <method name="get_Retries" signature="()" line-rate="1" branch-rate="1" complexity="1">
              <lines>
                <line number="79" hits="6" branch="false" />
              </lines>
            </method>
            <method name="get_ConnectionString" signature="()" line-rate="1" branch-rate="1" complexity="1">
              <lines>
                <line number="84" hits="36" branch="false" />
              </lines>
            </method>
          </methods>
          <lines>
            <line number="69" hits="12" branch="false" />
            <line number="74" hits="36" branch="false" />
            <line number="79" hits="6" branch="false" />
            <line number="84" hits="36" branch="false" />
          </lines>
        </class>
        <class name="Ebceys.Infrastructure.DatabaseRegistration.DbContextRegistrationOptionsValidator" filename="/home/runner/work/EBCEYS.Infrastructure/EBCEYS.Infrastructure/Ebceys.Infrastructure/DatabaseRegistration/DbContextRegistrationExtensions.cs" line-rate="1" branch-rate="1" complexity="1">
          <methods>
            <method name=".ctor" signature="()" line-rate="1" branch-rate="1" complexity="1">
              <lines>
                <line number="89" hits="18" branch="false" />
                <line number="90" hits="18" branch="false" />
                <line number="91" hits="18" branch="false" />
                <line number="92" hits="18" branch="false" />
                <line number="93" hits="18" branch="false" />
                <line number="94" hits="18" branch="false" />
                <line number="95" hits="36" branch="false" />
                <line number="96" hits="18" branch="false" />
              </lines>
            </method>
          </methods>
          <lines>
            <line number="89" hits="18" branch="false" />
            <line number="90" hits="18" branch="false" />
            <line number="91" hits="18" branch="false" />
            <line number="92" hits="18" branch="false" />
            <line number="93" hits="18" branch="false" />
            <line number="94" hits="18" branch="false" />
            <line number="95" hits="36" branch="false" />
            <line number="96" hits="18" branch="false" />
          </lines>
        </class>
        <class name="Ebceys.Infrastructure.DatabaseRegistration.MigrationApplierService`1" filename="/home/runner/work/EBCEYS.Infrastructure/EBCEYS.Infrastructure/Ebceys.Infrastructure/DatabaseRegistration/MigrationApplierService.cs" line-rate="0.8" branch-rate="0.75" complexity="5">
          <methods>
            <method name=".ctor" signature="(Microsoft.Extensions.Options.IOptions`1&lt;Ebceys.Infrastructure.DatabaseRegistration.DbContextRegistrationOptions&gt;,Microsoft.EntityFrameworkCore.IDbContextFactory`1&lt;TDbContext&gt;)" line-rate="1" branch-rate="1" complexity="1">
              <lines>
                <line number="16" hits="2" branch="false" />
                <line number="17" hits="2" branch="false" />
                <line number="18" hits="2" branch="false" />
              </lines>
            </method>
            <method name="ExecuteAsync" signature="()" line-rate="0.7142857142857143" branch-rate="0.75" complexity="4">
              <lines>
                <line number="27" hits="2" branch="false" />
                <line number="28" hits="2" branch="true" condition-coverage="50% (1/2)" />
                <line number="29" hits="0" branch="false" />
                <line number="30" hits="0" branch="false" />
                <line number="33" hits="2" branch="false" />
                <line number="34" hits="2" branch="true" condition-coverage="100% (2/2)" />
                <line number="35" hits="2" branch="false" />
              </lines>
            </method>
          </methods>
          <lines>
            <line number="16" hits="2" branch="false" />
            <line number="17" hits="2" branch="false" />
            <line number="18" hits="2" branch="false" />
            <line number="27" hits="2" branch="false" />
            <line number="28" hits="2" branch="true" condition-coverage="50% (1/2)" />
            <line number="29" hits="0" branch="false" />
            <line number="30" hits="0" branch="false" />
            <line number="33" hits="2" branch="false" />
            <line number="34" hits="2" branch="true" condition-coverage="100% (2/2)" />
            <line number="35" hits="2" branch="false" />
          </lines>
        </class>
        <class name="Ebceys.Infrastructure.Exceptions.ApiException" filename="/home/runner/work/EBCEYS.Infrastructure/EBCEYS.Infrastructure/Ebceys.Infrastructure/Exceptions/ApiException.cs" line-rate="1" branch-rate="1" complexity="5">
          <methods>
            <method name="get_ProblemDetails" signature="()" line-rate="1" branch-rate="1" complexity="1">
              <lines>
                <line number="76" hits="200" branch="false" />
              </lines>
            </method>
            <method name=".ctor" signature="(Microsoft.AspNetCore.Mvc.ProblemDetails,System.String)" line-rate="1" branch-rate="1" complexity="1">
              <lines>
                <line number="20" hits="54" branch="false" />
                <line number="21" hits="54" branch="false" />
                <line number="22" hits="54" branch="false" />
                <line number="23" hits="54" branch="false" />
                <line number="24" hits="54" branch="false" />
              </lines>
            </method>
            <method name=".ctor" signature="(Microsoft.AspNetCore.Mvc.ProblemDetails,System.Exception)" line-rate="1" branch-rate="1" complexity="1">
              <lines>
                <line number="31" hits="4" branch="false" />
                <line number="32" hits="4" branch="false" />
                <line number="33" hits="4" branch="false" />
                <line number="34" hits="4" branch="false" />
                <line number="35" hits="4" branch="false" />
              </lines>
            </method>
            <method name=".ctor" signature="(System.Int32,System.String,System.String)" line-rate="1" branch-rate="1" complexity="1">
              <lines>
                <line number="43" hits="2" branch="false" />
                <line number="44" hits="2" branch="false" />
                <line number="45" hits="2" branch="false" />
                <line number="46" hits="2" branch="false" />
                <line number="47" hits="2" branch="false" />
                <line number="48" hits="2" branch="false" />
                <line number="49" hits="2" branch="false" />
                <line number="50" hits="2" branch="false" />
                <line number="51" hits="2" branch="false" />
                <line number="52" hits="2" branch="false" />
                <line number="53" hits="2" branch="false" />
              </lines>
            </method>
            <method name=".ctor" signature="(System.Int32,System.Exception,System.String)" line-rate="1" branch-rate="1" complexity="1">
              <lines>
                <line number="61" hits="10" branch="false" />
                <line number="62" hits="10" branch="false" />
                <line number="63" hits="10" branch="false" />
                <line number="64" hits="10" branch="false" />
                <line number="65" hits="10" branch="false" />
                <line number="66" hits="10" branch="false" />
                <line number="67" hits="10" branch="false" />
                <line number="68" hits="10" branch="false" />
                <line number="69" hits="10" branch="false" />
                <line number="70" hits="10" branch="false" />
                <line number="71" hits="10" branch="false" />
              </lines>
            </method>
          </methods>
          <lines>
            <line number="20" hits="54" branch="false" />
            <line number="21" hits="54" branch="false" />
            <line number="22" hits="54" branch="false" />
            <line number="23" hits="54" branch="false" />
            <line number="24" hits="54" branch="false" />
            <line number="31" hits="4" branch="false" />
            <line number="32" hits="4" branch="false" />
            <line number="33" hits="4" branch="false" />
            <line number="34" hits="4" branch="false" />
            <line number="35" hits="4" branch="false" />
            <line number="43" hits="2" branch="false" />
            <line number="44" hits="2" branch="false" />
            <line number="45" hits="2" branch="false" />
            <line number="46" hits="2" branch="false" />
            <line number="47" hits="2" branch="false" />
            <line number="48" hits="2" branch="false" />
            <line number="49" hits="2" branch="false" />
            <line number="50" hits="2" branch="false" />
            <line number="51" hits="2" branch="false" />
            <line number="52" hits="2" branch="false" />
            <line number="53" hits="2" branch="false" />
            <line number="61" hits="10" branch="false" />
            <line number="62" hits="10" branch="false" />
            <line number="63" hits="10" branch="false" />
            <line number="64" hits="10" branch="false" />
            <line number="65" hits="10" branch="false" />
            <line number="66" hits="10" branch="false" />
            <line number="67" hits="10" branch="false" />
            <line number="68" hits="10" branch="false" />
            <line number="69" hits="10" branch="false" />
            <line number="70" hits="10" branch="false" />
            <line number="71" hits="10" branch="false" />
            <line number="76" hits="200" branch="false" />
          </lines>
        </class>
        <class name="Ebceys.Infrastructure.Exceptions.ApiExceptionHelper" filename="/home/runner/work/EBCEYS.Infrastructure/EBCEYS.Infrastructure/Ebceys.Infrastructure/Exceptions/ApiExceptionHelper.cs" line-rate="0.8311688311688312" branch-rate="0.5333333333333333" complexity="37">
          <methods>
            <method name="ThrowNotFound" signature="(System.String,System.String)" line-rate="1" branch-rate="1" complexity="1">
              <lines>
                <line number="26" hits="8" branch="false" />
                <line number="27" hits="8" branch="false" />
                <line number="28" hits="8" branch="false" />
                <line number="29" hits="8" branch="false" />
                <line number="30" hits="8" branch="false" />
                <line number="31" hits="8" branch="false" />
                <line number="32" hits="8" branch="false" />
                <line number="33" hits="8" branch="false" />
              </lines>
            </method>
            <method name="ThrowNotFound" signature="(TException,System.String)" line-rate="1" branch-rate="1" complexity="1">
              <lines>
                <line number="48" hits="2" branch="false" />
                <line number="49" hits="2" branch="false" />
                <line number="50" hits="2" branch="false" />
                <line number="51" hits="2" branch="false" />
                <line number="52" hits="2" branch="false" />
                <line number="53" hits="2" branch="false" />
                <line number="54" hits="2" branch="false" />
                <line number="55" hits="2" branch="false" />
              </lines>
            </method>
            <method name="ThrowConflict" signature="(System.String,System.String)" line-rate="1" branch-rate="1" complexity="1">
              <lines>
                <line number="67" hits="2" branch="false" />
                <line number="68" hits="2" branch="false" />
                <line number="69" hits="2" branch="false" />
                <line number="70" hits="2" branch="false" />
                <line number="71" hits="2" branch="false" />
                <line number="72" hits="2" branch="false" />
                <line number="73" hits="2" branch="false" />
                <line number="74" hits="2" branch="false" />
              </lines>
            </method>
            <method name="ThrowConflict" signature="(TException,System.String)" line-rate="1" branch-rate="1" complexity="1">
              <lines>
                <line number="89" hits="2" branch="false" />
                <line number="90" hits="2" branch="false" />
                <line number="91" hits="2" branch="false" />
                <line number="92" hits="2" branch="false" />
                <line number="93" hits="2" branch="false" />
                <line number="94" hits="2" branch="false" />
                <line number="95" hits="2" branch="false" />
                <line number="96" hits="2" branch="false" />
              </lines>
            </method>
            <method name="ThrowValidation" signature="(Microsoft.AspNetCore.Mvc.ValidationProblemDetails,System.String)" line-rate="1" branch-rate="0.5" complexity="2">
              <lines>
                <line number="109" hits="2" branch="false" />
                <line number="110" hits="2" branch="true" condition-coverage="50% (1/2)" />
              </lines>
            </method>
            <method name="ThrowException" signature="(TException,System.Int32,System.String)" line-rate="1" branch-rate="1" complexity="1">
              <lines>
                <line number="126" hits="2" branch="false" />
                <line number="127" hits="2" branch="false" />
              </lines>
            </method>
            <method name="ThrowException" signature="(TException,System.Int32,System.String)" line-rate="1" branch-rate="1" complexity="1">
              <lines>
                <line number="142" hits="8" branch="false" />
                <line number="143" hits="8" branch="false" />
              </lines>
            </method>
            <method name="ThrowApiException" signature="(Microsoft.AspNetCore.Mvc.ProblemDetails,System.Nullable`1&lt;System.Int32&gt;,System.String)" line-rate="0.5" branch-rate="1" complexity="1">
              <lines>
                <line number="157" hits="8" branch="false" />
                <line number="158" hits="8" branch="false" />
                <line number="159" hits="0" branch="false" />
                <line number="160" hits="0" branch="false" />
              </lines>
            </method>
            <method name="ThrowApiException" signature="(Microsoft.AspNetCore.Mvc.ProblemDetails,System.Nullable`1&lt;System.Int32&gt;,System.String)" line-rate="1" branch-rate="0.9" complexity="10">
              <lines>
                <line number="172" hits="38" branch="false" />
                <line number="173" hits="38" branch="true" condition-coverage="75% (3/4)" />
                <line number="174" hits="38" branch="true" condition-coverage="100% (2/2)" />
                <line number="175" hits="2" branch="false" />
                <line number="176" hits="2" branch="true" condition-coverage="100% (2/2)" />
                <line number="177" hits="2" branch="false" />
                <line number="178" hits="2" branch="false" />
                <line number="179" hits="2" branch="false" />
                <line number="180" hits="2" branch="false" />
                <line number="181" hits="2" branch="false" />
                <line number="182" hits="2" branch="false" />
                <line number="183" hits="2" branch="false" />
                <line number="186" hits="36" branch="false" />
                <line number="188" hits="36" branch="true" condition-coverage="100% (2/2)" />
              </lines>
            </method>
            <method name="ThrowApiException" signature="(Ebceys.Infrastructure.HttpClient.OperationResult`1&lt;TError&gt;,System.String)" line-rate="0.5714285714285714" branch-rate="0.16666666666666666" complexity="6">
              <lines>
                <line number="200" hits="20" branch="false" />
                <line number="201" hits="20" branch="true" condition-coverage="50% (1/2)" />
                <line number="202" hits="20" branch="false" />
                <line number="203" hits="20" branch="false" />
                <line number="204" hits="0" branch="false" />
                <line number="206" hits="0" branch="true" condition-coverage="0% (0/4)" />
                <line number="207" hits="0" branch="false" />
              </lines>
            </method>
            <method name="ThrowApiException" signature="(Ebceys.Infrastructure.HttpClient.OperationResult`1&lt;TError&gt;,System.String)" line-rate="0" branch-rate="0" complexity="6">
              <lines>
                <line number="220" hits="0" branch="false" />
                <line number="221" hits="0" branch="true" condition-coverage="0% (0/2)" />
                <line number="222" hits="0" branch="false" />
                <line number="223" hits="0" branch="false" />
                <line number="224" hits="0" branch="false" />
                <line number="226" hits="0" branch="true" condition-coverage="0% (0/4)" />
                <line number="227" hits="0" branch="false" />
              </lines>
            </method>
            <method name="ThrowApiException" signature="(Ebceys.Infrastructure.HttpClient.OperationResult`2&lt;TResult,TError&gt;,System.String)" line-rate="0.8571428571428571" branch-rate="0.8333333333333334" complexity="6">
              <lines>
                <line number="240" hits="10" branch="false" />
                <line number="241" hits="10" branch="true" condition-coverage="100% (2/2)" />
                <line number="242" hits="8" branch="false" />
                <line number="243" hits="8" branch="false" />
                <line number="244" hits="0" branch="false" />
                <line number="246" hits="2" branch="true" condition-coverage="75% (3/4)" />
                <line number="247" hits="2" branch="false" />
              </lines>
            </method>
          </methods>
          <lines>
            <line number="26" hits="8" branch="false" />
            <line number="27" hits="8" branch="false" />
            <line number="28" hits="8" branch="false" />
            <line number="29" hits="8" branch="false" />
            <line number="30" hits="8" branch="false" />
            <line number="31" hits="8" branch="false" />
            <line number="32" hits="8" branch="false" />
            <line number="33" hits="8" branch="false" />
            <line number="48" hits="2" branch="false" />
            <line number="49" hits="2" branch="false" />
            <line number="50" hits="2" branch="false" />
            <line number="51" hits="2" branch="false" />
            <line number="52" hits="2" branch="false" />
            <line number="53" hits="2" branch="false" />
            <line number="54" hits="2" branch="false" />
            <line number="55" hits="2" branch="false" />
            <line number="67" hits="2" branch="false" />
            <line number="68" hits="2" branch="false" />
            <line number="69" hits="2" branch="false" />
            <line number="70" hits="2" branch="false" />
            <line number="71" hits="2" branch="false" />
            <line number="72" hits="2" branch="false" />
            <line number="73" hits="2" branch="false" />
            <line number="74" hits="2" branch="false" />
            <line number="89" hits="2" branch="false" />
            <line number="90" hits="2" branch="false" />
            <line number="91" hits="2" branch="false" />
            <line number="92" hits="2" branch="false" />
            <line number="93" hits="2" branch="false" />
            <line number="94" hits="2" branch="false" />
            <line number="95" hits="2" branch="false" />
            <line number="96" hits="2" branch="false" />
            <line number="109" hits="2" branch="false" />
            <line number="110" hits="2" branch="true" condition-coverage="50% (1/2)" />
            <line number="126" hits="2" branch="false" />
            <line number="127" hits="2" branch="false" />
            <line number="142" hits="8" branch="false" />
            <line number="143" hits="8" branch="false" />
            <line number="157" hits="8" branch="false" />
            <line number="158" hits="8" branch="false" />
            <line number="159" hits="0" branch="false" />
            <line number="160" hits="0" branch="false" />
            <line number="172" hits="38" branch="false" />
            <line number="173" hits="38" branch="true" condition-coverage="75% (3/4)" />
            <line number="174" hits="38" branch="true" condition-coverage="100% (2/2)" />
            <line number="175" hits="2" branch="false" />
            <line number="176" hits="2" branch="true" condition-coverage="100% (2/2)" />
            <line number="177" hits="2" branch="false" />
            <line number="178" hits="2" branch="false" />
            <line number="179" hits="2" branch="false" />
            <line number="180" hits="2" branch="false" />
            <line number="181" hits="2" branch="false" />
            <line number="182" hits="2" branch="false" />
            <line number="183" hits="2" branch="false" />
            <line number="186" hits="36" branch="false" />
            <line number="188" hits="36" branch="true" condition-coverage="100% (2/2)" />
            <line number="200" hits="20" branch="false" />
            <line number="201" hits="20" branch="true" condition-coverage="50% (1/2)" />
            <line number="202" hits="20" branch="false" />
            <line number="203" hits="20" branch="false" />
            <line number="204" hits="0" branch="false" />
            <line number="206" hits="0" branch="true" condition-coverage="0% (0/4)" />
            <line number="207" hits="0" branch="false" />
            <line number="220" hits="0" branch="false" />
            <line number="221" hits="0" branch="true" condition-coverage="0% (0/2)" />
            <line number="222" hits="0" branch="false" />
            <line number="223" hits="0" branch="false" />
            <line number="224" hits="0" branch="false" />
            <line number="226" hits="0" branch="true" condition-coverage="0% (0/4)" />
            <line number="227" hits="0" branch="false" />
            <line number="240" hits="10" branch="false" />
            <line number="241" hits="10" branch="true" condition-coverage="100% (2/2)" />
            <line number="242" hits="8" branch="false" />
            <line number="243" hits="8" branch="false" />
            <line number="244" hits="0" branch="false" />
            <line number="246" hits="2" branch="true" condition-coverage="75% (3/4)" />
            <line number="247" hits="2" branch="false" />
          </lines>
        </class>
        <class name="Ebceys.Infrastructure.Extensions.EbIApplicationBuilderExtensions" filename="/home/runner/work/EBCEYS.Infrastructure/EBCEYS.Infrastructure/Ebceys.Infrastructure/Extensions/EbIApplicationBuilderExtensions.cs" line-rate="1" branch-rate="1" complexity="3">
          <methods>
            <method name="UseRequestLogging" signature="(Microsoft.AspNetCore.Builder.IApplicationBuilder)" line-rate="1" branch-rate="1" complexity="1">
              <lines>
                <line number="18" hits="4" branch="false" />
                <line number="19" hits="4" branch="false" />
                <line number="20" hits="4" branch="false" />
              </lines>
            </method>
            <method name="UseExceptionCatcher" signature="(Microsoft.AspNetCore.Builder.IApplicationBuilder)" line-rate="1" branch-rate="1" complexity="1">
              <lines>
                <line number="26" hits="4" branch="false" />
                <line number="27" hits="4" branch="false" />
                <line number="28" hits="4" branch="false" />
              </lines>
            </method>
            <method name="UseRequestMetrics" signature="(Microsoft.AspNetCore.Builder.IApplicationBuilder)" line-rate="1" branch-rate="1" complexity="1">
              <lines>
                <line number="34" hits="4" branch="false" />
                <line number="35" hits="4" branch="false" />
                <line number="36" hits="4" branch="false" />
              </lines>
            </method>
          </methods>
          <lines>
            <line number="18" hits="4" branch="false" />
            <line number="19" hits="4" branch="false" />
            <line number="20" hits="4" branch="false" />
            <line number="26" hits="4" branch="false" />
            <line number="27" hits="4" branch="false" />
            <line number="28" hits="4" branch="false" />
            <line number="34" hits="4" branch="false" />
            <line number="35" hits="4" branch="false" />
            <line number="36" hits="4" branch="false" />
          </lines>
        </class>
        <class name="Ebceys.Infrastructure.Extensions.EbIServiceCollectionExtensions" filename="/home/runner/work/EBCEYS.Infrastructure/EBCEYS.Infrastructure/Ebceys.Infrastructure/Extensions/EbIServiceCollectionExtensions.cs" line-rate="0.4" branch-rate="1" complexity="5">
          <methods>
            <method name="AddValidator" signature="(Microsoft.Extensions.DependencyInjection.IServiceCollection)" line-rate="1" branch-rate="1" complexity="1">
              <lines>
                <line number="27" hits="4" branch="false" />
                <line number="28" hits="4" branch="false" />
                <line number="29" hits="4" branch="false" />
              </lines>
            </method>
            <method name="AddScopedCommand" signature="(Microsoft.Extensions.DependencyInjection.IServiceCollection)" line-rate="1" branch-rate="1" complexity="1">
              <lines>
                <line number="41" hits="8" branch="false" />
                <line number="42" hits="8" branch="false" />
                <line number="43" hits="8" branch="false" />
              </lines>
            </method>
            <method name="AddSingletonCommand" signature="(Microsoft.Extensions.DependencyInjection.IServiceCollection)" line-rate="0" branch-rate="1" complexity="1">
              <lines>
                <line number="55" hits="0" branch="false" />
                <line number="56" hits="0" branch="false" />
                <line number="57" hits="0" branch="false" />
              </lines>
            </method>
            <method name="AddTransientCommand" signature="(Microsoft.Extensions.DependencyInjection.IServiceCollection)" line-rate="0" branch-rate="1" complexity="1">
              <lines>
                <line number="69" hits="0" branch="false" />
                <line number="70" hits="0" branch="false" />
                <line number="71" hits="0" branch="false" />
              </lines>
            </method>
            <method name="AddJwtValidator" signature="(Microsoft.Extensions.DependencyInjection.IServiceCollection)" line-rate="0" branch-rate="1" complexity="1">
              <lines>
                <line number="79" hits="0" branch="false" />
                <line number="80" hits="0" branch="false" />
                <line number="81" hits="0" branch="false" />
              </lines>
            </method>
          </methods>
          <lines>
            <line number="27" hits="4" branch="false" />
            <line number="28" hits="4" branch="false" />
            <line number="29" hits="4" branch="false" />
            <line number="41" hits="8" branch="false" />
            <line number="42" hits="8" branch="false" />
            <line number="43" hits="8" branch="false" />
            <line number="55" hits="0" branch="false" />
            <line number="56" hits="0" branch="false" />
            <line number="57" hits="0" branch="false" />
            <line number="69" hits="0" branch="false" />
            <line number="70" hits="0" branch="false" />
            <line number="71" hits="0" branch="false" />
            <line number="79" hits="0" branch="false" />
            <line number="80" hits="0" branch="false" />
            <line number="81" hits="0" branch="false" />
          </lines>
        </class>
        <class name="Ebceys.Infrastructure.Extensions.EbIServiceProviderExtensions" filename="/home/runner/work/EBCEYS.Infrastructure/EBCEYS.Infrastructure/Ebceys.Infrastructure/Extensions/EbIServiceProviderExtensions.cs" line-rate="0.5" branch-rate="1" complexity="2">
          <methods>
            <method name="GetCommand" signature="(System.IServiceProvider)" line-rate="0" branch-rate="1" complexity="1">
              <lines>
                <line number="23" hits="0" branch="false" />
                <line number="24" hits="0" branch="false" />
              </lines>
            </method>
            <method name="GetRequiredCommand" signature="(System.IServiceProvider)" line-rate="1" branch-rate="1" complexity="1">
              <lines>
                <line number="34" hits="74" branch="false" />
                <line number="35" hits="74" branch="false" />
              </lines>
            </method>
          </methods>
          <lines>
            <line number="23" hits="0" branch="false" />
            <line number="24" hits="0" branch="false" />
            <line number="34" hits="74" branch="false" />
            <line number="35" hits="74" branch="false" />
          </lines>
        </class>
        <class name="Ebceys.Infrastructure.Extensions.EbObjectExtensions" filename="/home/runner/work/EBCEYS.Infrastructure/EBCEYS.Infrastructure/Ebceys.Infrastructure/Extensions/EbObjectExtensions.cs" line-rate="1" branch-rate="1" complexity="7">
          <methods>
            <method name="ToUInt" signature="(System.Int32)" line-rate="1" branch-rate="1" complexity="1">
              <lines>
                <line number="19" hits="8" branch="false" />
                <line number="20" hits="8" branch="false" />
                <line number="21" hits="8" branch="false" />
              </lines>
            </method>
            <method name="ToULong" signature="(System.Int64)" line-rate="1" branch-rate="1" complexity="1">
              <lines>
                <line number="29" hits="8" branch="false" />
                <line number="30" hits="8" branch="false" />
                <line number="31" hits="8" branch="false" />
              </lines>
            </method>
            <method name="ToDiagnosticJson" signature="(System.Object)" line-rate="1" branch-rate="1" complexity="1">
              <lines>
                <line number="41" hits="204" branch="false" />
                <line number="42" hits="204" branch="false" />
                <line number="43" hits="204" branch="false" />
              </lines>
            </method>
            <method name="ToJson" signature="(System.Object)" line-rate="1" branch-rate="1" complexity="1">
              <lines>
                <line number="51" hits="4" branch="false" />
                <line number="52" hits="4" branch="false" />
                <line number="53" hits="4" branch="false" />
              </lines>
            </method>
            <method name="IsNullOrEmpty" signature="(System.String)" line-rate="1" branch-rate="1" complexity="1">
              <lines>
                <line number="64" hits="8" branch="false" />
                <line number="65" hits="8" branch="false" />
              </lines>
            </method>
            <method name="IsNullOrWhiteSpace" signature="(System.String)" line-rate="1" branch-rate="1" complexity="1">
              <lines>
                <line number="73" hits="14" branch="false" />
                <line number="74" hits="14" branch="false" />
              </lines>
            </method>
            <method name="Join" signature="(System.Collections.Generic.IEnumerable`1&lt;System.String&gt;,System.String)" line-rate="1" branch-rate="1" complexity="1">
              <lines>
                <line number="86" hits="8" branch="false" />
                <line number="87" hits="8" branch="false" />
              </lines>
            </method>
          </methods>
          <lines>
            <line number="19" hits="8" branch="false" />
            <line number="20" hits="8" branch="false" />
            <line number="21" hits="8" branch="false" />
            <line number="29" hits="8" branch="false" />
            <line number="30" hits="8" branch="false" />
            <line number="31" hits="8" branch="false" />
            <line number="41" hits="204" branch="false" />
            <line number="42" hits="204" branch="false" />
            <line number="43" hits="204" branch="false" />
            <line number="51" hits="4" branch="false" />
            <line number="52" hits="4" branch="false" />
            <line number="53" hits="4" branch="false" />
            <line number="64" hits="8" branch="false" />
            <line number="65" hits="8" branch="false" />
            <line number="73" hits="14" branch="false" />
            <line number="74" hits="14" branch="false" />
            <line number="86" hits="8" branch="false" />
            <line number="87" hits="8" branch="false" />
          </lines>
        </class>
        <class name="Ebceys.Infrastructure.Extensions.EbServerExtensions" filename="/home/runner/work/EBCEYS.Infrastructure/EBCEYS.Infrastructure/Ebceys.Infrastructure/Extensions/EbServerExtensions.cs" line-rate="1" branch-rate="1" complexity="7">
          <methods>
            <method name="CreateFromResponse" signature="(Microsoft.AspNetCore.Http.HttpResponse)" line-rate="1" branch-rate="1" complexity="2">
              <lines>
                <line number="25" hits="16" branch="false" />
                <line number="26" hits="16" branch="true" condition-coverage="100% (2/2)" />
                <line number="27" hits="16" branch="false" />
                <line number="28" hits="16" branch="false" />
                <line number="29" hits="16" branch="false" />
                <line number="30" hits="16" branch="false" />
                <line number="31" hits="16" branch="false" />
                <line number="32" hits="16" branch="false" />
                <line number="33" hits="16" branch="false" />
              </lines>
            </method>
            <method name=".cctor" signature="()" line-rate="1" branch-rate="1" complexity="1">
              <lines>
                <line number="14" hits="4" branch="false" />
                <line number="15" hits="760" branch="false" />
              </lines>
            </method>
            <method name="WaitUntilAsync" signature="()" line-rate="1" branch-rate="1" complexity="4">
              <lines>
                <line number="47" hits="32" branch="false" />
                <line number="48" hits="32" branch="false" />
                <line number="49" hits="34" branch="false" />
                <line number="51" hits="136" branch="true" condition-coverage="100% (4/4)" />
                <line number="52" hits="108" branch="false" />
                <line number="53" hits="108" branch="false" />
                <line number="54" hits="104" branch="false" />
                <line number="55" hits="28" branch="false" />
              </lines>
            </method>
          </methods>
          <lines>
            <line number="14" hits="4" branch="false" />
            <line number="15" hits="760" branch="false" />
            <line number="25" hits="16" branch="false" />
            <line number="26" hits="16" branch="true" condition-coverage="100% (2/2)" />
            <line number="27" hits="16" branch="false" />
            <line number="28" hits="16" branch="false" />
            <line number="29" hits="16" branch="false" />
            <line number="30" hits="16" branch="false" />
            <line number="31" hits="16" branch="false" />
            <line number="32" hits="16" branch="false" />
            <line number="33" hits="16" branch="false" />
            <line number="47" hits="32" branch="false" />
            <line number="48" hits="32" branch="false" />
            <line number="49" hits="34" branch="false" />
            <line number="51" hits="136" branch="true" condition-coverage="100% (4/4)" />
            <line number="52" hits="108" branch="false" />
            <line number="53" hits="108" branch="false" />
            <line number="54" hits="104" branch="false" />
            <line number="55" hits="28" branch="false" />
          </lines>
        </class>
        <class name="Ebceys.Infrastructure.ExtraStartupBase" filename="/home/runner/work/EBCEYS.Infrastructure/EBCEYS.Infrastructure/Ebceys.Infrastructure/ExtraStartupBase.cs" line-rate="0.9781420765027322" branch-rate="0.9090909090909091" complexity="33">
          <methods>
            <method name="get_UseAuthentication" signature="()" line-rate="0" branch-rate="1" complexity="1">
              <lines>
                <line number="53" hits="0" branch="false" />
              </lines>
            </method>
            <method name="get_ProxyToken" signature="()" line-rate="1" branch-rate="1" complexity="1">
              <lines>
                <line number="58" hits="4" branch="false" />
              </lines>
            </method>
            <method name="get_HealthCheckPort" signature="()" line-rate="1" branch-rate="1" complexity="1">
              <lines>
                <line number="63" hits="2" branch="false" />
              </lines>
            </method>
            <method name="get_Configuration" signature="()" line-rate="1" branch-rate="1" complexity="1">
              <lines>
                <line number="74" hits="22" branch="false" />
              </lines>
            </method>
            <method name="get_HttpContextLogging" signature="()" line-rate="1" branch-rate="1" complexity="1">
              <lines>
                <line number="79" hits="2" branch="false" />
              </lines>
            </method>
            <method name="ConfigureServices" signature="(Microsoft.Extensions.DependencyInjection.IServiceCollection)" line-rate="1" branch-rate="1" complexity="10">
              <lines>
                <line number="86" hits="4" branch="false" />
                <line number="87" hits="4" branch="false" />
                <line number="88" hits="8" branch="false" />
                <line number="90" hits="16" branch="false" />
                <line number="92" hits="4" branch="false" />
                <line number="93" hits="4" branch="false" />
                <line number="94" hits="4" branch="false" />
                <line number="95" hits="4" branch="false" />
                <line number="96" hits="8" branch="false" />
                <line number="97" hits="4" branch="false" />
                <line number="98" hits="4" branch="false" />
                <line number="100" hits="4" branch="false" />
                <line number="101" hits="4" branch="false" />
                <line number="103" hits="16" branch="false" />
                <line number="104" hits="4" branch="false" />
                <line number="105" hits="4" branch="false" />
                <line number="106" hits="4" branch="false" />
                <line number="107" hits="14" branch="false" />
                <line number="108" hits="14" branch="false" />
                <line number="109" hits="14" branch="false" />
                <line number="110" hits="14" branch="false" />
                <line number="111" hits="14" branch="false" />
                <line number="112" hits="14" branch="false" />
                <line number="113" hits="18" branch="false" />
                <line number="114" hits="8" branch="false" />
                <line number="115" hits="4" branch="false" />
                <line number="117" hits="4" branch="true" condition-coverage="100% (2/2)" />
                <line number="118" hits="4" branch="false" />
                <line number="119" hits="4" branch="false" />
                <line number="120" hits="4" branch="false" />
                <line number="121" hits="4" branch="false" />
                <line number="123" hits="4" branch="false" />
                <line number="126" hits="4" branch="false" />
                <line number="127" hits="4" branch="true" condition-coverage="100% (2/2)" />
                <line number="128" hits="4" branch="true" condition-coverage="100% (2/2)" />
                <line number="130" hits="4" branch="false" />
                <line number="131" hits="4" branch="false" />
                <line number="132" hits="4" branch="false" />
                <line number="133" hits="4" branch="false" />
                <line number="134" hits="4" branch="true" condition-coverage="100% (2/2)" />
                <line number="135" hits="4" branch="true" condition-coverage="100% (2/2)" />
                <line number="136" hits="4" branch="false" />
              </lines>
            </method>
            <method name="Configure" signature="(Microsoft.AspNetCore.Builder.IApplicationBuilder,Microsoft.Extensions.Hosting.IHostEnvironment)" line-rate="0.94" branch-rate="0.875" complexity="8">
              <lines>
                <line number="145" hits="4" branch="false" />
                <line number="146" hits="4" branch="true" condition-coverage="50% (1/2)" />
                <line number="147" hits="0" branch="false" />
                <line number="148" hits="0" branch="false" />
                <line number="149" hits="0" branch="false" />
                <line number="151" hits="4" branch="false" />
                <line number="153" hits="4" branch="false" />
                <line number="155" hits="4" branch="false" />
                <line number="157" hits="4" branch="false" />
                <line number="158" hits="4" branch="false" />
                <line number="159" hits="4" branch="false" />
                <line number="160" hits="4" branch="false" />
                <line number="161" hits="4" branch="false" />
                <line number="162" hits="4" branch="false" />
                <line number="163" hits="4" branch="false" />
                <line number="164" hits="4" branch="false" />
                <line number="165" hits="4" branch="false" />
                <line number="166" hits="8" branch="false" />
                <line number="168" hits="4" branch="false" />
                <line number="170" hits="8" branch="false" />
                <line number="172" hits="4" branch="false" />
                <line number="173" hits="4" branch="false" />
                <line number="174" hits="4" branch="false" />
                <line number="176" hits="4" branch="true" condition-coverage="100% (2/2)" />
                <line number="177" hits="2" branch="false" />
                <line number="178" hits="2" branch="false" />
                <line number="179" hits="2" branch="false" />
                <line number="181" hits="2" branch="false" />
                <line number="182" hits="2" branch="false" />
                <line number="183" hits="2" branch="false" />
                <line number="185" hits="4" branch="true" condition-coverage="100% (2/2)" />
                <line number="186" hits="4" branch="false" />
                <line number="187" hits="4" branch="false" />
                <line number="188" hits="4" branch="false" />
                <line number="189" hits="4" branch="false" />
                <line number="191" hits="4" branch="false" />
                <line number="192" hits="4" branch="false" />
                <line number="193" hits="4" branch="false" />
                <line number="194" hits="4" branch="false" />
                <line number="195" hits="24" branch="true" condition-coverage="100% (2/2)" />
                <line number="196" hits="6" branch="false" />
                <line number="197" hits="6" branch="false" />
                <line number="198" hits="6" branch="false" />
                <line number="199" hits="6" branch="false" />
                <line number="200" hits="4" branch="false" />
                <line number="201" hits="4" branch="false" />
                <line number="202" hits="8" branch="false" />
                <line number="205" hits="4" branch="false" />
                <line number="207" hits="16" branch="false" />
                <line number="208" hits="4" branch="false" />
              </lines>
            </method>
            <method name="ConfigureFilters" signature="(Microsoft.AspNetCore.Mvc.Filters.FilterCollection)" line-rate="1" branch-rate="1" complexity="1">
              <lines>
                <line number="215" hits="4" branch="false" />
                <line number="216" hits="4" branch="false" />
              </lines>
            </method>
            <method name="ConfigureSwagger" signature="(Swashbuckle.AspNetCore.SwaggerGen.SwaggerGenOptions)" line-rate="1" branch-rate="1" complexity="1">
              <lines>
                <line number="224" hits="4" branch="false" />
                <line number="225" hits="4" branch="false" />
              </lines>
            </method>
            <method name="ConfigureFormOptions" signature="(Microsoft.AspNetCore.Http.Features.FormOptions)" line-rate="1" branch-rate="1" complexity="1">
              <lines>
                <line number="232" hits="4" branch="false" />
                <line number="233" hits="4" branch="false" />
                <line number="234" hits="4" branch="false" />
                <line number="235" hits="4" branch="false" />
              </lines>
            </method>
            <method name="ConfigureHealthChecks" signature="(Microsoft.Extensions.DependencyInjection.IHealthChecksBuilder)" line-rate="1" branch-rate="1" complexity="1">
              <lines>
                <line number="243" hits="4" branch="false" />
                <line number="244" hits="4" branch="false" />
                <line number="245" hits="4" branch="false" />
              </lines>
            </method>
            <method name="ConfigureAuthentication" signature="(Microsoft.Extensions.DependencyInjection.IServiceCollection)" line-rate="1" branch-rate="0.75" complexity="4">
              <lines>
                <line number="261" hits="4" branch="false" />
                <line number="262" hits="4" branch="false" />
                <line number="263" hits="4" branch="false" />
                <line number="264" hits="4" branch="false" />
                <line number="265" hits="4" branch="false" />
                <line number="266" hits="4" branch="false" />
                <line number="267" hits="8" branch="false" />
                <line number="269" hits="4" branch="true" condition-coverage="100% (2/2)" />
                <line number="270" hits="2" branch="false" />
                <line number="271" hits="2" branch="false" />
                <line number="272" hits="2" branch="false" />
                <line number="275" hits="2" branch="false" />
                <line number="276" hits="2" branch="true" condition-coverage="50% (1/2)" />
                <line number="277" hits="2" branch="false" />
                <line number="278" hits="2" branch="false" />
                <line number="279" hits="2" branch="false" />
                <line number="280" hits="2" branch="false" />
                <line number="281" hits="2" branch="false" />
                <line number="282" hits="2" branch="false" />
                <line number="283" hits="2" branch="false" />
                <line number="284" hits="2" branch="false" />
                <line number="285" hits="2" branch="false" />
                <line number="286" hits="2" branch="false" />
                <line number="287" hits="2" branch="false" />
                <line number="288" hits="2" branch="false" />
                <line number="289" hits="2" branch="false" />
                <line number="290" hits="2" branch="false" />
                <line number="291" hits="2" branch="false" />
                <line number="292" hits="4" branch="false" />
                <line number="293" hits="2" branch="false" />
                <line number="294" hits="4" branch="false" />
              </lines>
            </method>
            <method name="ConfigureSwagger" signature="(Microsoft.Extensions.DependencyInjection.IServiceCollection)" line-rate="1" branch-rate="1" complexity="1">
              <lines>
                <line number="297" hits="4" branch="false" />
                <line number="298" hits="4" branch="false" />
                <line number="299" hits="4" branch="false" />
                <line number="300" hits="4" branch="false" />
                <line number="301" hits="4" branch="false" />
                <line number="302" hits="4" branch="false" />
                <line number="303" hits="4" branch="false" />
                <line number="304" hits="4" branch="false" />
                <line number="305" hits="4" branch="false" />
                <line number="306" hits="4" branch="false" />
                <line number="307" hits="4" branch="false" />
                <line number="308" hits="4" branch="false" />
                <line number="309" hits="4" branch="false" />
                <line number="310" hits="4" branch="false" />
                <line number="311" hits="4" branch="false" />
                <line number="312" hits="4" branch="false" />
                <line number="313" hits="4" branch="false" />
                <line number="314" hits="4" branch="false" />
                <line number="315" hits="4" branch="false" />
                <line number="316" hits="4" branch="false" />
                <line number="317" hits="4" branch="false" />
                <line number="318" hits="4" branch="false" />
                <line number="319" hits="4" branch="false" />
                <line number="320" hits="4" branch="false" />
                <line number="321" hits="8" branch="false" />
                <line number="323" hits="4" branch="false" />
                <line number="324" hits="4" branch="false" />
                <line number="325" hits="4" branch="false" />
                <line number="326" hits="4" branch="false" />
                <line number="327" hits="4" branch="false" />
                <line number="328" hits="4" branch="false" />
                <line number="329" hits="4" branch="false" />
                <line number="330" hits="4" branch="false" />
                <line number="331" hits="4" branch="false" />
                <line number="332" hits="4" branch="false" />
                <line number="333" hits="4" branch="false" />
                <line number="334" hits="4" branch="false" />
                <line number="335" hits="4" branch="false" />
                <line number="336" hits="4" branch="false" />
                <line number="337" hits="4" branch="false" />
                <line number="338" hits="8" branch="false" />
                <line number="339" hits="4" branch="false" />
                <line number="340" hits="4" branch="false" />
              </lines>
            </method>
            <method name=".ctor" signature="(Microsoft.Extensions.Configuration.IConfiguration)" line-rate="1" branch-rate="1" complexity="1">
              <lines>
                <line number="46" hits="4" branch="false" />
              </lines>
            </method>
          </methods>
          <lines>
            <line number="46" hits="4" branch="false" />
            <line number="53" hits="0" branch="false" />
            <line number="58" hits="4" branch="false" />
            <line number="63" hits="2" branch="false" />
            <line number="74" hits="22" branch="false" />
            <line number="79" hits="2" branch="false" />
            <line number="86" hits="4" branch="false" />
            <line number="87" hits="4" branch="false" />
            <line number="88" hits="8" branch="false" />
            <line number="90" hits="16" branch="false" />
            <line number="92" hits="4" branch="false" />
            <line number="93" hits="4" branch="false" />
            <line number="94" hits="4" branch="false" />
            <line number="95" hits="4" branch="false" />
            <line number="96" hits="8" branch="false" />
            <line number="97" hits="4" branch="false" />
            <line number="98" hits="4" branch="false" />
            <line number="100" hits="4" branch="false" />
            <line number="101" hits="4" branch="false" />
            <line number="103" hits="16" branch="false" />
            <line number="104" hits="4" branch="false" />
            <line number="105" hits="4" branch="false" />
            <line number="106" hits="4" branch="false" />
            <line number="107" hits="14" branch="false" />
            <line number="108" hits="14" branch="false" />
            <line number="109" hits="14" branch="false" />
            <line number="110" hits="14" branch="false" />
            <line number="111" hits="14" branch="false" />
            <line number="112" hits="14" branch="false" />
            <line number="113" hits="18" branch="false" />
            <line number="114" hits="8" branch="false" />
            <line number="115" hits="4" branch="false" />
            <line number="117" hits="4" branch="true" condition-coverage="100% (2/2)" />
            <line number="118" hits="4" branch="false" />
            <line number="119" hits="4" branch="false" />
            <line number="120" hits="4" branch="false" />
            <line number="121" hits="4" branch="false" />
            <line number="123" hits="4" branch="false" />
            <line number="126" hits="4" branch="false" />
            <line number="127" hits="4" branch="true" condition-coverage="100% (2/2)" />
            <line number="128" hits="4" branch="true" condition-coverage="100% (2/2)" />
            <line number="130" hits="4" branch="false" />
            <line number="131" hits="4" branch="false" />
            <line number="132" hits="4" branch="false" />
            <line number="133" hits="4" branch="false" />
            <line number="134" hits="4" branch="true" condition-coverage="100% (2/2)" />
            <line number="135" hits="4" branch="true" condition-coverage="100% (2/2)" />
            <line number="136" hits="4" branch="false" />
            <line number="145" hits="4" branch="false" />
            <line number="146" hits="4" branch="true" condition-coverage="50% (1/2)" />
            <line number="147" hits="0" branch="false" />
            <line number="148" hits="0" branch="false" />
            <line number="149" hits="0" branch="false" />
            <line number="151" hits="4" branch="false" />
            <line number="153" hits="4" branch="false" />
            <line number="155" hits="4" branch="false" />
            <line number="157" hits="4" branch="false" />
            <line number="158" hits="4" branch="false" />
            <line number="159" hits="4" branch="false" />
            <line number="160" hits="4" branch="false" />
            <line number="161" hits="4" branch="false" />
            <line number="162" hits="4" branch="false" />
            <line number="163" hits="4" branch="false" />
            <line number="164" hits="4" branch="false" />
            <line number="165" hits="4" branch="false" />
            <line number="166" hits="8" branch="false" />
            <line number="168" hits="4" branch="false" />
            <line number="170" hits="8" branch="false" />
            <line number="172" hits="4" branch="false" />
            <line number="173" hits="4" branch="false" />
            <line number="174" hits="4" branch="false" />
            <line number="176" hits="4" branch="true" condition-coverage="100% (2/2)" />
            <line number="177" hits="2" branch="false" />
            <line number="178" hits="2" branch="false" />
            <line number="179" hits="2" branch="false" />
            <line number="181" hits="2" branch="false" />
            <line number="182" hits="2" branch="false" />
            <line number="183" hits="2" branch="false" />
            <line number="185" hits="4" branch="true" condition-coverage="100% (2/2)" />
            <line number="186" hits="4" branch="false" />
            <line number="187" hits="4" branch="false" />
            <line number="188" hits="4" branch="false" />
            <line number="189" hits="4" branch="false" />
            <line number="191" hits="4" branch="false" />
            <line number="192" hits="4" branch="false" />
            <line number="193" hits="4" branch="false" />
            <line number="194" hits="4" branch="false" />
            <line number="195" hits="24" branch="true" condition-coverage="100% (2/2)" />
            <line number="196" hits="6" branch="false" />
            <line number="197" hits="6" branch="false" />
            <line number="198" hits="6" branch="false" />
            <line number="199" hits="6" branch="false" />
            <line number="200" hits="4" branch="false" />
            <line number="201" hits="4" branch="false" />
            <line number="202" hits="8" branch="false" />
            <line number="205" hits="4" branch="false" />
            <line number="207" hits="16" branch="false" />
            <line number="208" hits="4" branch="false" />
            <line number="215" hits="4" branch="false" />
            <line number="216" hits="4" branch="false" />
            <line number="224" hits="4" branch="false" />
            <line number="225" hits="4" branch="false" />
            <line number="232" hits="4" branch="false" />
            <line number="233" hits="4" branch="false" />
            <line number="234" hits="4" branch="false" />
            <line number="235" hits="4" branch="false" />
            <line number="243" hits="4" branch="false" />
            <line number="244" hits="4" branch="false" />
            <line number="245" hits="4" branch="false" />
            <line number="261" hits="4" branch="false" />
            <line number="262" hits="4" branch="false" />
            <line number="263" hits="4" branch="false" />
            <line number="264" hits="4" branch="false" />
            <line number="265" hits="4" branch="false" />
            <line number="266" hits="4" branch="false" />
            <line number="267" hits="8" branch="false" />
            <line number="269" hits="4" branch="true" condition-coverage="100% (2/2)" />
            <line number="270" hits="2" branch="false" />
            <line number="271" hits="2" branch="false" />
            <line number="272" hits="2" branch="false" />
            <line number="275" hits="2" branch="false" />
            <line number="276" hits="2" branch="true" condition-coverage="50% (1/2)" />
            <line number="277" hits="2" branch="false" />
            <line number="278" hits="2" branch="false" />
            <line number="279" hits="2" branch="false" />
            <line number="280" hits="2" branch="false" />
            <line number="281" hits="2" branch="false" />
            <line number="282" hits="2" branch="false" />
            <line number="283" hits="2" branch="false" />
            <line number="284" hits="2" branch="false" />
            <line number="285" hits="2" branch="false" />
            <line number="286" hits="2" branch="false" />
            <line number="287" hits="2" branch="false" />
            <line number="288" hits="2" branch="false" />
            <line number="289" hits="2" branch="false" />
            <line number="290" hits="2" branch="false" />
            <line number="291" hits="2" branch="false" />
            <line number="292" hits="4" branch="false" />
            <line number="293" hits="2" branch="false" />
            <line number="294" hits="4" branch="false" />
            <line number="297" hits="4" branch="false" />
            <line number="298" hits="4" branch="false" />
            <line number="299" hits="4" branch="false" />
            <line number="300" hits="4" branch="false" />
            <line number="301" hits="4" branch="false" />
            <line number="302" hits="4" branch="false" />
            <line number="303" hits="4" branch="false" />
            <line number="304" hits="4" branch="false" />
            <line number="305" hits="4" branch="false" />
            <line number="306" hits="4" branch="false" />
            <line number="307" hits="4" branch="false" />
            <line number="308" hits="4" branch="false" />
            <line number="309" hits="4" branch="false" />
            <line number="310" hits="4" branch="false" />
            <line number="311" hits="4" branch="false" />
            <line number="312" hits="4" branch="false" />
            <line number="313" hits="4" branch="false" />
            <line number="314" hits="4" branch="false" />
[...]
            <line number="585" hits="0" branch="false" />
            <line number="586" hits="0" branch="false" />
            <line number="587" hits="0" branch="false" />
            <line number="588" hits="0" branch="true" condition-coverage="0% (0/2)" />
            <line number="589" hits="0" branch="false" />
            <line number="590" hits="0" branch="false" />
            <line number="591" hits="0" branch="false" />
            <line number="592" hits="0" branch="true" condition-coverage="0% (0/2)" />
            <line number="593" hits="0" branch="false" />
            <line number="594" hits="0" branch="true" condition-coverage="0% (0/2)" />
            <line number="595" hits="0" branch="false" />
            <line number="596" hits="0" branch="false" />
            <line number="597" hits="0" branch="true" condition-coverage="0% (0/4)" />
            <line number="598" hits="0" branch="false" />
            <line number="599" hits="0" branch="true" condition-coverage="0% (0/2)" />
            <line number="600" hits="0" branch="true" condition-coverage="0% (0/2)" />
            <line number="601" hits="0" branch="false" />
            <line number="602" hits="0" branch="false" />
            <line number="604" hits="0" branch="false" />
            <line number="605" hits="0" branch="true" condition-coverage="0% (0/2)" />
            <line number="606" hits="0" branch="false" />
            <line number="607" hits="0" branch="false" />
            <line number="608" hits="0" branch="false" />
            <line number="609" hits="0" branch="false" />
            <line number="610" hits="0" branch="false" />
            <line number="611" hits="0" branch="false" />
            <line number="613" hits="0" branch="false" />
            <line number="614" hits="0" branch="true" condition-coverage="0% (0/2)" />
            <line number="615" hits="0" branch="false" />
            <line number="616" hits="0" branch="false" />
            <line number="617" hits="0" branch="true" condition-coverage="0% (0/4)" />
            <line number="618" hits="0" branch="false" />
            <line number="619" hits="0" branch="false" />
            <line number="620" hits="0" branch="false" />
            <line number="621" hits="0" branch="false" />
            <line number="622" hits="0" branch="false" />
            <line number="623" hits="0" branch="false" />
            <line number="624" hits="0" branch="false" />
            <line number="626" hits="0" branch="false" />
            <line number="627" hits="0" branch="false" />
            <line number="630" hits="0" branch="false" />
            <line number="631" hits="0" branch="true" condition-coverage="0% (0/2)" />
            <line number="632" hits="0" branch="false" />
            <line number="633" hits="0" branch="true" condition-coverage="0% (0/2)" />
            <line number="634" hits="0" branch="false" />
            <line number="635" hits="0" branch="false" />
            <line number="638" hits="0" branch="false" />
            <line number="639" hits="0" branch="false" />
            <line number="642" hits="0" branch="true" condition-coverage="0% (0/2)" />
            <line number="643" hits="0" branch="false" />
            <line number="644" hits="0" branch="false" />
            <line number="647" hits="0" branch="false" />
            <line number="648" hits="0" branch="false" />
            <line number="650" hits="0" branch="false" />
            <line number="657" hits="0" branch="false" />
            <line number="659" hits="0" branch="true" condition-coverage="0% (0/2)" />
            <line number="660" hits="0" branch="false" />
            <line number="661" hits="0" branch="false" />
            <line number="662" hits="0" branch="true" condition-coverage="0% (0/4)" />
            <line number="663" hits="0" branch="false" />
            <line number="664" hits="0" branch="false" />
            <line number="665" hits="0" branch="false" />
            <line number="666" hits="0" branch="false" />
            <line number="668" hits="0" branch="true" condition-coverage="0% (0/4)" />
            <line number="669" hits="0" branch="false" />
            <line number="671" hits="0" branch="true" condition-coverage="0% (0/2)" />
            <line number="672" hits="0" branch="false" />
            <line number="673" hits="0" branch="false" />
            <line number="674" hits="0" branch="true" condition-coverage="0% (0/4)" />
            <line number="675" hits="0" branch="false" />
            <line number="676" hits="0" branch="false" />
            <line number="677" hits="0" branch="false" />
            <line number="678" hits="0" branch="true" condition-coverage="0% (0/2)" />
            <line number="679" hits="0" branch="false" />
            <line number="680" hits="0" branch="false" />
            <line number="681" hits="0" branch="false" />
            <line number="682" hits="0" branch="true" condition-coverage="0% (0/6)" />
            <line number="683" hits="0" branch="false" />
            <line number="684" hits="0" branch="false" />
            <line number="685" hits="0" branch="false" />
            <line number="687" hits="0" branch="false" />
            <line number="688" hits="0" branch="true" condition-coverage="0% (0/4)" />
            <line number="689" hits="0" branch="false" />
            <line number="690" hits="0" branch="false" />
            <line number="691" hits="0" branch="false" />
            <line number="692" hits="0" branch="false" />
            <line number="694" hits="0" branch="false" />
            <line number="696" hits="0" branch="true" condition-coverage="0% (0/2)" />
            <line number="697" hits="0" branch="false" />
            <line number="698" hits="0" branch="false" />
            <line number="699" hits="0" branch="false" />
            <line number="700" hits="0" branch="true" condition-coverage="0% (0/4)" />
            <line number="701" hits="0" branch="false" />
            <line number="702" hits="0" branch="false" />
            <line number="703" hits="0" branch="false" />
            <line number="704" hits="0" branch="false" />
            <line number="705" hits="0" branch="false" />
            <line number="706" hits="0" branch="false" />
            <line number="707" hits="0" branch="false" />
            <line number="708" hits="0" branch="false" />
            <line number="715" hits="0" branch="false" />
            <line number="716" hits="0" branch="true" condition-coverage="0% (0/2)" />
            <line number="717" hits="0" branch="false" />
            <line number="718" hits="0" branch="false" />
            <line number="722" hits="0" branch="false" />
            <line number="723" hits="0" branch="false" />
            <line number="725" hits="0" branch="false" />
            <line number="726" hits="0" branch="false" />
            <line number="728" hits="0" branch="false" />
            <line number="730" hits="0" branch="false" />
            <line number="732" hits="0" branch="false" />
            <line number="733" hits="0" branch="false" />
            <line number="734" hits="0" branch="false" />
            <line number="737" hits="0" branch="false" />
          </lines>
        </class>
        <class name="System.Runtime.CompilerServices" filename="/home/runner/work/EBCEYS.Infrastructure/EBCEYS.Infrastructure/Ebceys.Tests.Infrastructure/obj/Debug/net10.0/Microsoft.AspNetCore.OpenApi.SourceGenerators/Microsoft.AspNetCore.OpenApi.SourceGenerators.XmlCommentGenerator/OpenApiXmlCommentSupport.generated.cs" line-rate="0" branch-rate="1" complexity="1">
          <methods>
            <method name=".ctor" signature="(System.Int32,System.String)" line-rate="0" branch-rate="1" complexity="1">
              <lines>
                <line number="20" hits="0" branch="false" />
                <line number="21" hits="0" branch="false" />
                <line number="22" hits="0" branch="false" />
              </lines>
            </method>
          </methods>
          <lines>
            <line number="20" hits="0" branch="false" />
            <line number="21" hits="0" branch="false" />
            <line number="22" hits="0" branch="false" />
          </lines>
        </class>
        <class name="System.Text.RegularExpressions.Generated" filename="/home/runner/work/EBCEYS.Infrastructure/EBCEYS.Infrastructure/Ebceys.Tests.Infrastructure/obj/Debug/net10.0/System.Text.RegularExpressions.Generator/System.Text.RegularExpressions.Generator.RegexGenerator/RegexGenerator.g.cs" line-rate="1" branch-rate="0.875" complexity="11">
          <methods>
            <method name=".ctor" signature="()" line-rate="1" branch-rate="1" complexity="1">
              <lines>
                <line number="42" hits="4" branch="false" />
                <line number="43" hits="4" branch="false" />
                <line number="44" hits="4" branch="false" />
                <line number="45" hits="4" branch="false" />
                <line number="46" hits="4" branch="false" />
                <line number="47" hits="4" branch="false" />
                <line number="48" hits="4" branch="false" />
                <line number="49" hits="4" branch="false" />
                <line number="50" hits="4" branch="false" />
              </lines>
            </method>
            <method name=".cctor" signature="()" line-rate="1" branch-rate="1" complexity="1">
              <lines>
                <line number="39" hits="4" branch="false" />
              </lines>
            </method>
            <method name="CreateInstance" signature="()" line-rate="1" branch-rate="1" complexity="1">
              <lines>
                <line number="56" hits="4" branch="false" />
              </lines>
            </method>
            <method name="Scan" signature="(System.ReadOnlySpan`1&lt;System.Char&gt;)" line-rate="1" branch-rate="1" complexity="2">
              <lines>
                <line number="64" hits="4034" branch="false" />
                <line number="65" hits="4034" branch="true" condition-coverage="100% (2/2)" />
                <line number="66" hits="4030" branch="false" />
                <line number="68" hits="4030" branch="false" />
                <line number="69" hits="4030" branch="false" />
                <line number="70" hits="4030" branch="false" />
                <line number="71" hits="4030" branch="false" />
                <line number="72" hits="4034" branch="false" />
              </lines>
            </method>
            <method name="TryFindNextPossibleStartingPosition" signature="(System.ReadOnlySpan`1&lt;System.Char&gt;)" line-rate="1" branch-rate="1" complexity="4">
              <lines>
                <line number="78" hits="4034" branch="false" />
                <line number="79" hits="4034" branch="false" />
                <line number="82" hits="4034" branch="true" condition-coverage="100% (2/2)" />
                <line number="83" hits="4034" branch="false" />
                <line number="86" hits="4034" branch="false" />
                <line number="87" hits="4034" branch="true" condition-coverage="100% (2/2)" />
                <line number="88" hits="4030" branch="false" />
                <line number="89" hits="4030" branch="false" />
                <line number="90" hits="4030" branch="false" />
                <line number="92" hits="4" branch="false" />
                <line number="95" hits="4" branch="false" />
                <line number="96" hits="4" branch="false" />
                <line number="97" hits="4034" branch="false" />
              </lines>
            </method>
            <method name=".cctor" signature="()" line-rate="1" branch-rate="0.5" complexity="2">
              <lines>
                <line number="108" hits="4" branch="true" condition-coverage="50% (1/2)" />
                <line number="111" hits="4" branch="false" />
                <line number="114" hits="4" branch="false" />
              </lines>
            </method>
          </methods>
          <lines>
            <line number="39" hits="4" branch="false" />
            <line number="42" hits="4" branch="false" />
            <line number="43" hits="4" branch="false" />
            <line number="44" hits="4" branch="false" />
            <line number="45" hits="4" branch="false" />
            <line number="46" hits="4" branch="false" />
            <line number="47" hits="4" branch="false" />
            <line number="48" hits="4" branch="false" />
            <line number="49" hits="4" branch="false" />
            <line number="50" hits="4" branch="false" />
            <line number="56" hits="4" branch="false" />
            <line number="64" hits="4034" branch="false" />
            <line number="65" hits="4034" branch="true" condition-coverage="100% (2/2)" />
            <line number="66" hits="4030" branch="false" />
            <line number="68" hits="4030" branch="false" />
            <line number="69" hits="4030" branch="false" />
            <line number="70" hits="4030" branch="false" />
            <line number="71" hits="4030" branch="false" />
            <line number="72" hits="4034" branch="false" />
            <line number="78" hits="4034" branch="false" />
            <line number="79" hits="4034" branch="false" />
            <line number="82" hits="4034" branch="true" condition-coverage="100% (2/2)" />
            <line number="83" hits="4034" branch="false" />
            <line number="86" hits="4034" branch="false" />
            <line number="87" hits="4034" branch="true" condition-coverage="100% (2/2)" />
            <line number="88" hits="4030" branch="false" />
            <line number="89" hits="4030" branch="false" />
            <line number="90" hits="4030" branch="false" />
            <line number="92" hits="4" branch="false" />
            <line number="95" hits="4" branch="false" />
            <line number="96" hits="4" branch="false" />
            <line number="97" hits="4034" branch="false" />
            <line number="108" hits="4" branch="true" condition-coverage="50% (1/2)" />
            <line number="111" hits="4" branch="false" />
            <line number="114" hits="4" branch="false" />
          </lines>
        </class>
        <class name="System.Text.RegularExpressions.Generated.&lt;RegexGenerator_g&gt;F6EC8DEE418DE02ECF1F285F160C4E86EB83028C77905B7D401FAD9968140E17A__LatAlphabetAndNumsRegex_0" filename="/home/runner/work/EBCEYS.Infrastructure/EBCEYS.Infrastructure/Ebceys.Tests.Infrastructure/obj/Debug/net10.0/System.Text.RegularExpressions.Generator/System.Text.RegularExpressions.Generator.RegexGenerator/RegexGenerator.g.cs" line-rate="1" branch-rate="1" complexity="9">
          <methods>
            <method name=".ctor" signature="()" line-rate="1" branch-rate="1" complexity="1">
              <lines>
                <line number="42" hits="4" branch="false" />
                <line number="43" hits="4" branch="false" />
                <line number="44" hits="4" branch="false" />
                <line number="45" hits="4" branch="false" />
                <line number="46" hits="4" branch="false" />
                <line number="47" hits="4" branch="false" />
                <line number="48" hits="4" branch="false" />
                <line number="49" hits="4" branch="false" />
                <line number="50" hits="4" branch="false" />
              </lines>
            </method>
            <method name=".cctor" signature="()" line-rate="1" branch-rate="1" complexity="1">
              <lines>
                <line number="39" hits="4" branch="false" />
              </lines>
            </method>
            <method name="CreateInstance" signature="()" line-rate="1" branch-rate="1" complexity="1">
              <lines>
                <line number="56" hits="4" branch="false" />
              </lines>
            </method>
            <method name="Scan" signature="(System.ReadOnlySpan`1&lt;System.Char&gt;)" line-rate="1" branch-rate="1" complexity="2">
              <lines>
                <line number="64" hits="4034" branch="false" />
                <line number="65" hits="4034" branch="true" condition-coverage="100% (2/2)" />
                <line number="66" hits="4030" branch="false" />
                <line number="68" hits="4030" branch="false" />
                <line number="69" hits="4030" branch="false" />
                <line number="70" hits="4030" branch="false" />
                <line number="71" hits="4030" branch="false" />
                <line number="72" hits="4034" branch="false" />
              </lines>
            </method>
            <method name="TryFindNextPossibleStartingPosition" signature="(System.ReadOnlySpan`1&lt;System.Char&gt;)" line-rate="1" branch-rate="1" complexity="4">
              <lines>
                <line number="78" hits="4034" branch="false" />
                <line number="79" hits="4034" branch="false" />
                <line number="82" hits="4034" branch="true" condition-coverage="100% (2/2)" />
                <line number="83" hits="4034" branch="false" />
                <line number="86" hits="4034" branch="false" />
                <line number="87" hits="4034" branch="true" condition-coverage="100% (2/2)" />
                <line number="88" hits="4030" branch="false" />
                <line number="89" hits="4030" branch="false" />
                <line number="90" hits="4030" branch="false" />
                <line number="92" hits="4" branch="false" />
                <line number="95" hits="4" branch="false" />
                <line number="96" hits="4" branch="false" />
                <line number="97" hits="4034" branch="false" />
              </lines>
            </method>
          </methods>
          <lines>
            <line number="39" hits="4" branch="false" />
            <line number="42" hits="4" branch="false" />
            <line number="43" hits="4" branch="false" />
            <line number="44" hits="4" branch="false" />
            <line number="45" hits="4" branch="false" />
            <line number="46" hits="4" branch="false" />
            <line number="47" hits="4" branch="false" />
            <line number="48" hits="4" branch="false" />
            <line number="49" hits="4" branch="false" />
            <line number="50" hits="4" branch="false" />
            <line number="56" hits="4" branch="false" />
            <line number="64" hits="4034" branch="false" />
            <line number="65" hits="4034" branch="true" condition-coverage="100% (2/2)" />
            <line number="66" hits="4030" branch="false" />
            <line number="68" hits="4030" branch="false" />
            <line number="69" hits="4030" branch="false" />
            <line number="70" hits="4030" branch="false" />
            <line number="71" hits="4030" branch="false" />
            <line number="72" hits="4034" branch="false" />
            <line number="78" hits="4034" branch="false" />
            <line number="79" hits="4034" branch="false" />
            <line number="82" hits="4034" branch="true" condition-coverage="100% (2/2)" />
            <line number="83" hits="4034" branch="false" />
            <line number="86" hits="4034" branch="false" />
            <line number="87" hits="4034" branch="true" condition-coverage="100% (2/2)" />
            <line number="88" hits="4030" branch="false" />
            <line number="89" hits="4030" branch="false" />
            <line number="90" hits="4030" branch="false" />
            <line number="92" hits="4" branch="false" />
            <line number="95" hits="4" branch="false" />
            <line number="96" hits="4" branch="false" />
            <line number="97" hits="4034" branch="false" />
          </lines>
        </class>
      </classes>
    </package>
  </packages>
</coverage>